proguard/seeds.txt
com.lecture.media.R$color: int mediacontroller_bg
com.lecture.media.R$color: int mediacontroller_bg_pressed
com.lecture.media.R$color: int transparent
com.lecture.media.R$dimen: int activity_horizontal_margin
com.lecture.media.R$dimen: int activity_vertical_margin
com.lecture.media.R$drawable: int bg_media_download
com.lecture.media.R$drawable: int bg_person
com.lecture.media.R$drawable: int border_edit
com.lecture.media.R$drawable: int border_more
com.lecture.media.R$drawable: int c01
com.lecture.media.R$drawable: int c02
com.lecture.media.R$drawable: int c03
com.lecture.media.R$drawable: int c04
com.lecture.media.R$drawable: int c05
com.lecture.media.R$drawable: int c06
com.lecture.media.R$drawable: int c07
com.lecture.media.R$drawable: int c08
com.lecture.media.R$drawable: int c09
com.lecture.media.R$drawable: int c10
com.lecture.media.R$drawable: int c11
com.lecture.media.R$drawable: int c12
com.lecture.media.R$drawable: int c13
com.lecture.media.R$drawable: int c14
com.lecture.media.R$drawable: int c15
com.lecture.media.R$drawable: int ic_launcher
com.lecture.media.R$drawable: int icon_down
com.lecture.media.R$drawable: int mediacontroller_button
com.lecture.media.R$drawable: int mediacontroller_pause
com.lecture.media.R$drawable: int mediacontroller_play
com.lecture.media.R$drawable: int movie
com.lecture.media.R$drawable: int page_indicator1
com.lecture.media.R$drawable: int page_indicator_focused1
com.lecture.media.R$drawable: int player_silence
com.lecture.media.R$drawable: int player_volume
com.lecture.media.R$drawable: int power01
com.lecture.media.R$drawable: int power02
com.lecture.media.R$drawable: int power03
com.lecture.media.R$drawable: int power04
com.lecture.media.R$drawable: int pulltorefresh
com.lecture.media.R$id: int MainView
com.lecture.media.R$id: int about
com.lecture.media.R$id: int account
com.lecture.media.R$id: int back
com.lecture.media.R$id: int classify
com.lecture.media.R$id: int content
com.lecture.media.R$id: int content1
com.lecture.media.R$id: int content2
com.lecture.media.R$id: int content3
com.lecture.media.R$id: int content4
com.lecture.media.R$id: int content5
com.lecture.media.R$id: int content6
com.lecture.media.R$id: int download
com.lecture.media.R$id: int download_back
com.lecture.media.R$id: int download_listView
com.lecture.media.R$id: int download_state
com.lecture.media.R$id: int downloading
com.lecture.media.R$id: int gesture_iv_player_volume
com.lecture.media.R$id: int gesture_volume_layout
com.lecture.media.R$id: int geture_tv_volume_percentage
com.lecture.media.R$id: int gridLayout
com.lecture.media.R$id: int head_arrowImageView
com.lecture.media.R$id: int head_contentLayout
com.lecture.media.R$id: int head_lastUpdatedTextView
com.lecture.media.R$id: int head_progressBar
com.lecture.media.R$id: int head_tipsTextView
com.lecture.media.R$id: int history
com.lecture.media.R$id: int history_back
com.lecture.media.R$id: int history_listView
com.lecture.media.R$id: int image_intro
com.lecture.media.R$id: int item
com.lecture.media.R$id: int label
com.lecture.media.R$id: int line1
com.lecture.media.R$id: int line2
com.lecture.media.R$id: int line3
com.lecture.media.R$id: int media
...
io.vov.vitamio.utils.Base64$Encoder
io.vov.vitamio.utils.Base64$Encoder: int LINE_GROUPS
io.vov.vitamio.utils.Base64$Encoder: byte[] ENCODE
io.vov.vitamio.utils.Base64$Encoder: byte[] ENCODE_WEBSAFE
io.vov.vitamio.utils.Base64$Encoder: byte[] tail
io.vov.vitamio.utils.Base64$Encoder: int tailLen
io.vov.vitamio.utils.Base64$Encoder: int count
io.vov.vitamio.utils.Base64$Encoder: boolean do_padding
io.vov.vitamio.utils.Base64$Encoder: boolean do_newline
io.vov.vitamio.utils.Base64$Encoder: boolean do_cr
io.vov.vitamio.utils.Base64$Encoder: byte[] alphabet
io.vov.vitamio.utils.Base64$Encoder: boolean $assertionsDisabled
io.vov.vitamio.utils.Base64$Encoder: void <clinit>()
io.vov.vitamio.utils.Base64$Encoder: Base64$Encoder(int,byte[])
io.vov.vitamio.utils.Base64$Encoder: int maxOutputSize(int)
io.vov.vitamio.utils.Base64$Encoder: boolean process(byte[],int,int,boolean)
io.vov.vitamio.utils.CPU
io.vov.vitamio.utils.CPU: java.util.Map cpuinfo
io.vov.vitamio.utils.CPU: int cachedFeature
io.vov.vitamio.utils.CPU: java.lang.String cachedFeatureString
io.vov.vitamio.utils.CPU: int FEATURE_ARM_V5TE
io.vov.vitamio.utils.CPU: int FEATURE_ARM_V6
io.vov.vitamio.utils.CPU: int FEATURE_ARM_VFP
io.vov.vitamio.utils.CPU: int FEATURE_ARM_V7A
io.vov.vitamio.utils.CPU: int FEATURE_ARM_VFPV3
io.vov.vitamio.utils.CPU: int FEATURE_ARM_NEON
io.vov.vitamio.utils.CPU: int FEATURE_X86
io.vov.vitamio.utils.CPU: int FEATURE_MIPS
io.vov.vitamio.utils.CPU: void <clinit>()
io.vov.vitamio.utils.CPU: CPU()
io.vov.vitamio.utils.CPU: java.lang.String getFeatureString()
io.vov.vitamio.utils.CPU: int getFeature()
io.vov.vitamio.utils.CPU: int getCachedFeature()
io.vov.vitamio.utils.CPU: boolean isDroidXDroid2()
io.vov.vitamio.utils.ContextUtils
io.vov.vitamio.utils.ContextUtils: ContextUtils()
io.vov.vitamio.utils.ContextUtils: int getVersionCode(android.content.Context)
io.vov.vitamio.utils.ContextUtils: java.lang.String getDataDir(android.content.Context)
io.vov.vitamio.utils.ContextUtils: java.lang.String fixLastSlash(java.lang.String)
io.vov.vitamio.utils.Crypto
io.vov.vitamio.utils.Crypto: javax.crypto.Cipher ecipher
io.vov.vitamio.utils.Crypto: Crypto(java.lang.String)
io.vov.vitamio.utils.Crypto: void setupCrypto(javax.crypto.SecretKey)
io.vov.vitamio.utils.Crypto: java.lang.String encrypt(java.lang.String)
io.vov.vitamio.utils.Crypto: java.lang.String md5(java.lang.String)
io.vov.vitamio.utils.Crypto: byte[] generateKey(java.lang.String)
io.vov.vitamio.utils.Crypto: java.security.PublicKey readKeyFromStream(java.io.InputStream)
io.vov.vitamio.utils.Crypto: java.lang.String rsaEncrypt(java.io.InputStream,java.lang.String)
io.vov.vitamio.utils.Crypto: java.lang.String rsaEncrypt(java.io.InputStream,byte[])
io.vov.vitamio.utils.Device
io.vov.vitamio.utils.Device: Device()
io.vov.vitamio.utils.Device: java.lang.String getLocale()
io.vov.vitamio.utils.Device: java.lang.String getDeviceFeatures(android.content.Context)
io.vov.vitamio.utils.Device: java.lang.String getIdentifiers(android.content.Context)
io.vov.vitamio.utils.Device: java.lang.String getSystemFeatures()
io.vov.vitamio.utils.Device: java.lang.String getScreenFeatures(android.content.Context)
io.vov.vitamio.utils.Device: java.lang.String getPair(java.lang.String,java.lang.String)
io.vov.vitamio.utils.FileUtils
io.vov.vitamio.utils.FileUtils: java.lang.String FILE_NAME_RESERVED
io.vov.vitamio.utils.FileUtils: FileUtils()
io.vov.vitamio.utils.FileUtils: java.lang.String getUniqueFileName(java.lang.String,java.lang.String)
io.vov.vitamio.utils.FileUtils: java.lang.String getCanonical(java.io.File)
io.vov.vitamio.utils.FileUtils: java.lang.String getPath(java.lang.String)
io.vov.vitamio.utils.FileUtils: java.lang.String getName(java.lang.String)
io.vov.vitamio.utils.FileUtils: void deleteDir(java.io.File)