proguard/usage.txt
com.lecture.media.BuildConfig
com.lecture.media.R
com.lecture.media.R$attr
com.lecture.media.R$color
com.lecture.media.R$dimen
com.lecture.media.R$drawable
com.lecture.media.R$id
com.lecture.media.R$layout
com.lecture.media.R$menu
com.lecture.media.R$raw
com.lecture.media.R$string
com.lecture.media.R$style
...
android.support.v4.view.ViewCompat$HCViewCompatImpl:
    676:676:public float getAlpha(android.view.View)
    696:696:public int resolveSizeAndState(int,int,int)
    700:700:public int getMeasuredWidthAndState(android.view.View)
    704:704:public int getMeasuredHeightAndState(android.view.View)
    708:708:public int getMeasuredState(android.view.View)
    712:712:public float getTranslationX(android.view.View)
    716:716:public float getTranslationY(android.view.View)
    720:721:public void setTranslationX(android.view.View,float)
    724:725:public void setTranslationY(android.view.View,float)
    728:729:public void setAlpha(android.view.View,float)
    732:733:public void setX(android.view.View,float)
    736:737:public void setY(android.view.View,float)
    740:741:public void setRotation(android.view.View,float)
    744:745:public void setRotationX(android.view.View,float)
    748:749:public void setRotationY(android.view.View,float)
    752:753:public void setScaleX(android.view.View,float)
    756:757:public void setScaleY(android.view.View,float)
    760:761:public void setPivotX(android.view.View,float)
    764:765:public void setPivotY(android.view.View,float)
    768:768:public float getX(android.view.View)
    773:773:public float getY(android.view.View)
    778:778:public float getRotation(android.view.View)
    783:783:public float getRotationX(android.view.View)
    788:788:public float getRotationY(android.view.View)
android.support.v4.view.ViewCompat$ICSViewCompatImpl:
    822:823:public void onPopulateAccessibilityEvent(android.view.View,android.view.accessibility.AccessibilityEvent)
    826:827:public void onInitializeAccessibilityEvent(android.view.View,android.view.accessibility.AccessibilityEvent)
    830:831:public void onInitializeAccessibilityNodeInfo(android.view.View,android.support.v4.view.accessibility.AccessibilityNodeInfoCompat)
    838:847:public android.support.v4.view.ViewPropertyAnimatorCompat animate(android.view.View)
android.support.v4.view.ViewCompat$ImportantForAccessibility
android.support.v4.view.ViewCompat$JBViewCompatImpl:
    854:854:public boolean hasTransientState(android.view.View)
    858:859:public void setHasTransientState(android.view.View,boolean)
    874:875:public void postOnAnimationDelayed(android.view.View,java.lang.Runnable,long)
    892:892:public boolean performAccessibilityAction(android.view.View,int,android.os.Bundle)
    896:900:public android.support.v4.view.accessibility.AccessibilityNodeProviderCompat getAccessibilityNodeProvider(android.view.View)
    910:910:public int getMinimumWidth(android.view.View)
    915:915:public int getMinimumHeight(android.view.View)
android.support.v4.view.ViewCompat$JbMr1ViewCompatImpl:
    923:923:public int getLabelFor(android.view.View)
    928:929:public void setLabelFor(android.view.View,int)
    943:944:public void setLayoutDirection(android.view.View,int)
    948:948:public int getPaddingStart(android.view.View)
    953:953:public int getPaddingEnd(android.view.View)
    958:959:public void setPaddingRelative(android.view.View,int,int,int,int)
android.support.v4.view.ViewCompat$KitKatViewCompatImpl:
    965:965:public int getAccessibilityLiveRegion(android.view.View)
    970:971:public void setAccessibilityLiveRegion(android.view.View,int)
android.support.v4.view.ViewCompat$LayerType
android.support.v4.view.ViewCompat$LayoutDirectionMode
android.support.v4.view.ViewCompat$OverScroll
android.support.v4.view.ViewCompat$ResolvedLayoutDirectionMode